y\x  0  1  2
  +---------+
 0|  1  2  1|
 1|  m  2  m|
  +---------+
Unknown locations 0 unknown mines 0

Solved OK
y\x  0  1  2  3  4  5  6  7  8
  +---------------------------+
 0|  1  2  1  2  1  2  1  2  1|
 1|  m  2  m  2  m  2  m  2  m|
  +---------------------------+
Unknown locations 0 unknown mines 0

Solved OK
y\x  0  1  2  3  4
  +---------------+
 0|  1  m  2  m  1|
 1|  2  2  4  2  2|
 2|  1  m  2  m  1|
  +---------------+
Unknown locations 0 unknown mines 0

Solved OK
y\x  0  1  2  3  4  5  6  7
  +------------------------+
 0|  2  3  m  2  2  3  2  1|
 1|  m  m  4  4  m  m  m  2|
 2|  3  5  m  m  6  m  5  m|
 3|  m  5  m  6  m  m  4  2|
 4|  2  m  m  m  5  5  m  2|
 5|  1  3  4  5  m  m  4  m|
 6|  0  1  m  4  m  5  m  3|
 7|  0  1  2  m  2  3  m  2|
  +------------------------+
Unknown locations 0 unknown mines 0

Solved OK
y\x  0  1  2  3  4  5
  +------------------+
 0|  m  2  2  2  1  0|
 1|  2  3  m  m  2  0|
 2|  2  m  5  m  3  0|
 3|  m  2  4  m  3  0|
 4|  2  2  3  m  2  0|
 5|  1  m  2  1  1  0|
 6|  3  3  3  2  3  2|
 7|  m  m  4  m  m  m|
 8|  m  m  4  m  4  2|
 9|  m  4  3  2  3  2|
10|  2  m  1  1  m  m|
  +------------------+
Unknown locations 0 unknown mines 0

Solved OK
