y\x  0  1  2  3  4  5  6  7  8
  +---------------------------+
 0|  1  2  1  2  1  2  1  2  1|
 1|                           |
  +---------------------------+
Unknown locations 9 unknown mines 5

OK
--------------------------------------
OK
--------------------------------------
OK
--------------------------------------
OK
--------------------------------------
OK
--------------------------------------
OK
--------------------------------------
OK
--------------------------------------
OK
--------------------------------------
OK
--------------------------------------
OK
--------------------------------------
OK
--------------------------------------
OK
--------------------------------------
OK
--------------------------------------
OK
--------------------------------------
OK
--------------------------------------
OK
--------------------------------------
OK
--------------------------------------
OK
--------------------------------------
y\x  0  1  2  3  4
  +---------------+
 0|               |
 1|     2  4  2   |
 2|               |
  +---------------+
Unknown locations 12 unknown mines 4

OK
--------------------------------------
OK
--------------------------------------
OK
--------------------------------------
OK
--------------------------------------
OK
--------------------------------------
OK
--------------------------------------
OK
--------------------------------------
OK
--------------------------------------
OK
--------------------------------------
OK
--------------------------------------
OK
--------------------------------------
OK
--------------------------------------
OK
--------------------------------------
OK
--------------------------------------
OK
--------------------------------------
OK
--------------------------------------
OK
--------------------------------------
OK
--------------------------------------
OK
--------------------------------------
OK
--------------------------------------
OK
--------------------------------------
OK
--------------------------------------
OK
--------------------------------------
OK
--------------------------------------
y\x  0  1  2  3  4  5
  +------------------+
 0|  m               |
 1|  2               |
 2|  2               |
 3|  m     4         |
 4|  2  2  3         |
 5|  1     2         |
 6|  3     3         |
 7|  m  m            |
 8|  m  m  4  m  4   |
 9|  m  4  3  2  3   |
10|  2  m  1  1  m   |
  +------------------+
Unknown locations 37 unknown mines 11

OK
OK
--------------------------------------
OK
OK
--------------------------------------
OK
OK
--------------------------------------
